🤖 Agent Worker 啟動，開始監聽中央佇列...
🔗 連線的 API 網址: http://127.0.0.1:8000
💤 目前沒有待處理的任務，休息 3 秒鐘...
💤 目前沒有待處理的任務，休息 3 秒鐘...
💤 目前沒有待處理的任務，休息 3 秒鐘...
💤 目前沒有待處理的任務，休息 3 秒鐘...
💤 目前沒有待處理的任務，休息 3 秒鐘...
💤 目前沒有待處理的任務，休息 3 秒鐘...
💤 目前沒有待處理的任務，休息 3 秒鐘...
💤 目前沒有待處理的任務，休息 3 秒鐘...
💤 目前沒有待處理的任務，休息 3 秒鐘...
💤 目前沒有待處理的任務，休息 3 秒鐘...
💤 目前沒有待處理的任務，休息 3 秒鐘...
💤 目前沒有待處理的任務，休息 3 秒鐘...
💤 目前沒有待處理的任務，休息 3 秒鐘...
💤 目前沒有待處理的任務，休息 3 秒鐘...
💤 目前沒有待處理的任務，休息 3 秒鐘...
💤 目前沒有待處理的任務，休息 3 秒鐘...
💤 目前沒有待處理的任務，休息 3 秒鐘...
💤 目前沒有待處理的任務，休息 3 秒鐘...
💤 目前沒有待處理的任務，休息 3 秒鐘...
💤 目前沒有待處理的任務，休息 3 秒鐘...
💤 目前沒有待處理的任務，休息 3 秒鐘...
💤 目前沒有待處理的任務，休息 3 秒鐘...
💤 目前沒有待處理的任務，休息 3 秒鐘...
💤 目前沒有待處理的任務，休息 3 秒鐘...
💤 目前沒有待處理的任務，休息 3 秒鐘...
💤 目前沒有待處理的任務，休息 3 秒鐘...
💤 目前沒有待處理的任務，休息 3 秒鐘...
💤 目前沒有待處理的任務，休息 3 秒鐘...
💤 目前沒有待處理的任務，休息 3 秒鐘...
💤 目前沒有待處理的任務，休息 3 秒鐘...

✅ 成功認領任務 #1 (狀態更新為 Claimed)
📝 任務內容: 請幫我計算 1 加到 100 的總和
🧠 [AI] 正在思考如何處理任務: '請幫我計算 1 加到 100 的總和'...
🎉 任務 #1 處理完成，結果已成功回報！
💤 目前沒有待處理的任務，休息 3 秒鐘...
💤 目前沒有待處理的任務，休息 3 秒鐘...
💤 目前沒有待處理的任務，休息 3 秒鐘...
💤 目前沒有待處理的任務，休息 3 秒鐘...
💤 目前沒有待處理的任務，休息 3 秒鐘...
💤 目前沒有待處理的任務，休息 3 秒鐘...
💤 目前沒有待處理的任務，休息 3 秒鐘...
💤 目前沒有待處理的任務，休息 3 秒鐘...
💤 目前沒有待處理的任務，休息 3 秒鐘...
💤 目前沒有待處理的任務，休息 3 秒鐘...
💤 目前沒有待處理的任務，休息 3 秒鐘...
💤 目前沒有待處理的任務，休息 3 秒鐘...
💤 目前沒有待處理的任務，休息 3 秒鐘...

✅ 成功認領任務 #2 (狀態更新為 Claimed)
📝 任務內容: 請幫我計算 1 加到 100 的總和
🧠 [AI] 正在思考如何處理任務: '請幫我計算 1 加到 100 的總和'...
🎉 任務 #2 處理完成，結果已成功回報！
💤 目前沒有待處理的任務，休息 3 秒鐘...
💤 目前沒有待處理的任務，休息 3 秒鐘...
💤 目前沒有待處理的任務，休息 3 秒鐘...
💤 目前沒有待處理的任務，休息 3 秒鐘...
💤 目前沒有待處理的任務，休息 3 秒鐘...
💤 目前沒有待處理的任務，休息 3 秒鐘...

✅ 成功認領任務 #3 (狀態更新為 Claimed)
📝 任務內容: test
🧠 [AI] 正在思考如何處理任務: 'test'...
🎉 任務 #3 處理完成，結果已成功回報！
💤 目前沒有待處理的任務，休息 3 秒鐘...
💤 目前沒有待處理的任務，休息 3 秒鐘...
💤 目前沒有待處理的任務，休息 3 秒鐘...
💤 目前沒有待處理的任務，休息 3 秒鐘...
💤 目前沒有待處理的任務，休息 3 秒鐘...
💤 目前沒有待處理的任務，休息 3 秒鐘...
💤 目前沒有待處理的任務，休息 3 秒鐘...
💤 目前沒有待處理的任務，休息 3 秒鐘...
💤 目前沒有待處理的任務，休息 3 秒鐘...
💤 目前沒有待處理的任務，休息 3 秒鐘...
💤 目前沒有待處理的任務，休息 3 秒鐘...
💤 目前沒有待處理的任務，休息 3 秒鐘...
💤 目前沒有待處理的任務，休息 3 秒鐘...
💤 目前沒有待處理的任務，休息 3 秒鐘...
💤 目前沒有待處理的任務，休息 3 秒鐘...
💤 目前沒有待處理的任務，休息 3 秒鐘...
💤 目前沒有待處理的任務，休息 3 秒鐘...
💤 目前沒有待處理的任務，休息 3 秒鐘...
💤 目前沒有待處理的任務，休息 3 秒鐘...
💤 目前沒有待處理的任務，休息 3 秒鐘...
💤 目前沒有待處理的任務，休息 3 秒鐘...
💤 目前沒有待處理的任務，休息 3 秒鐘...

✅ 成功認領任務 #4 (狀態更新為 Claimed)
📝 任務內容: 請幫我計算 1 加到 100 的總和
🧠 [AI] 正在思考如何處理任務: '請幫我計算 1 加到 100 的總和'...
🎉 任務 #4 處理完成，結果已成功回報！
💤 目前沒有待處理的任務，休息 3 秒鐘...
💤 目前沒有待處理的任務，休息 3 秒鐘...
💤 目前沒有待處理的任務，休息 3 秒鐘...
💤 目前沒有待處理的任務，休息 3 秒鐘...
💤 目前沒有待處理的任務，休息 3 秒鐘...
💤 目前沒有待處理的任務，休息 3 秒鐘...
💤 目前沒有待處理的任務，休息 3 秒鐘...
💤 目前沒有待處理的任務，休息 3 秒鐘...
💤 目前沒有待處理的任務，休息 3 秒鐘...
💤 目前沒有待處理的任務，休息 3 秒鐘...
💤 目前沒有待處理的任務，休息 3 秒鐘...
💤 目前沒有待處理的任務，休息 3 秒鐘...
💤 目前沒有待處理的任務，休息 3 秒鐘...
💤 目前沒有待處理的任務，休息 3 秒鐘...
💤 目前沒有待處理的任務，休息 3 秒鐘...
💤 目前沒有待處理的任務，休息 3 秒鐘...
💤 目前沒有待處理的任務，休息 3 秒鐘...
💤 目前沒有待處理的任務，休息 3 秒鐘...
💤 目前沒有待處理的任務，休息 3 秒鐘...
💤 目前沒有待處理的任務，休息 3 秒鐘...
💤 目前沒有待處理的任務，休息 3 秒鐘...
💤 目前沒有待處理的任務，休息 3 秒鐘...
💤 目前沒有待處理的任務，休息 3 秒鐘...
💤 目前沒有待處理的任務，休息 3 秒鐘...
💤 目前沒有待處理的任務，休息 3 秒鐘...
💤 目前沒有待處理的任務，休息 3 秒鐘...
💤 目前沒有待處理的任務，休息 3 秒鐘...
💤 目前沒有待處理的任務，休息 3 秒鐘...
💤 目前沒有待處理的任務，休息 3 秒鐘...
💤 目前沒有待處理的任務，休息 3 秒鐘...
💤 目前沒有待處理的任務，休息 3 秒鐘...
💤 目前沒有待處理的任務，休息 3 秒鐘...
💤 目前沒有待處理的任務，休息 3 秒鐘...
💤 目前沒有待處理的任務，休息 3 秒鐘...
💤 目前沒有待處理的任務，休息 3 秒鐘...
💤 目前沒有待處理的任務，休息 3 秒鐘...
💤 目前沒有待處理的任務，休息 3 秒鐘...
💤 目前沒有待處理的任務，休息 3 秒鐘...
💤 目前沒有待處理的任務，休息 3 秒鐘...
💤 目前沒有待處理的任務，休息 3 秒鐘...
💤 目前沒有待處理的任務，休息 3 秒鐘...
💤 目前沒有待處理的任務，休息 3 秒鐘...
💤 目前沒有待處理的任務，休息 3 秒鐘...
💤 目前沒有待處理的任務，休息 3 秒鐘...
💤 目前沒有待處理的任務，休息 3 秒鐘...
💤 目前沒有待處理的任務，休息 3 秒鐘...
💤 目前沒有待處理的任務，休息 3 秒鐘...
💤 目前沒有待處理的任務，休息 3 秒鐘...
💤 目前沒有待處理的任務，休息 3 秒鐘...
💤 目前沒有待處理的任務，休息 3 秒鐘...
💤 目前沒有待處理的任務，休息 3 秒鐘...
💤 目前沒有待處理的任務，休息 3 秒鐘...
[AgentSkills] Error fetching task: HTTPConnectionPool(host='127.0.0.1', port=8000): Max retries exceeded with url: /tasks/pending (Caused by NewConnectionError("HTTPConnection(host='127.0.0.1', port=8000): Failed to establish a new connection: [Errno 111] Connection refused"))